This is pdfTeX, Version 3.14159265-2.6-1.40.16 (TeX Live 2015) (preloaded format=pdflatex 2015.5.24)  6 MAY 2020 11:58
entering extended mode
 restricted \write18 enabled.
 file:line:error style messages enabled.
 %&-line parsing enabled.
**Rayleigh_link.tex
(./Rayleigh_link.tex
LaTeX2e <2015/01/01>
Babel <3.9l> and hyphenation patterns for 79 languages loaded.
(/usr/local/texlive/2015/texmf-dist/tex/latex/base/article.cls
Document Class: article 2014/09/29 v1.4h Standard LaTeX document class
(/usr/local/texlive/2015/texmf-dist/tex/latex/base/size12.clo
File: size12.clo 2014/09/29 v1.4h Standard LaTeX file (size option)
)
\c@part=\count79
\c@section=\count80
\c@subsection=\count81
\c@subsubsection=\count82
\c@paragraph=\count83
\c@subparagraph=\count84
\c@figure=\count85
\c@table=\count86
\abovecaptionskip=\skip41
\belowcaptionskip=\skip42
\bibindent=\dimen102
)
(/usr/local/texlive/2015/texmf-dist/tex/latex/graphics/graphicx.sty
Package: graphicx 2014/10/28 v1.0g Enhanced LaTeX Graphics (DPC,SPQR)

(/usr/local/texlive/2015/texmf-dist/tex/latex/graphics/keyval.sty
Package: keyval 2014/10/28 v1.15 key=value parser (DPC)
\KV@toks@=\toks14
)
(/usr/local/texlive/2015/texmf-dist/tex/latex/graphics/graphics.sty
Package: graphics 2014/10/28 v1.0p Standard LaTeX Graphics (DPC,SPQR)

(/usr/local/texlive/2015/texmf-dist/tex/latex/graphics/trig.sty
Package: trig 1999/03/16 v1.09 sin cos tan (DPC)
)
(/usr/local/texlive/2015/texmf-dist/tex/latex/latexconfig/graphics.cfg
File: graphics.cfg 2010/04/23 v1.9 graphics configuration of TeX Live
)
Package graphics Info: Driver file: pdftex.def on input line 94.

(/usr/local/texlive/2015/texmf-dist/tex/latex/pdftex-def/pdftex.def
File: pdftex.def 2011/05/27 v0.06d Graphics/color for pdfTeX

(/usr/local/texlive/2015/texmf-dist/tex/generic/oberdiek/infwarerr.sty
Package: infwarerr 2010/04/08 v1.3 Providing info/warning/error messages (HO)
)
(/usr/local/texlive/2015/texmf-dist/tex/generic/oberdiek/ltxcmds.sty
Package: ltxcmds 2011/11/09 v1.22 LaTeX kernel commands for general use (HO)
)
\Gread@gobject=\count87
))
\Gin@req@height=\dimen103
\Gin@req@width=\dimen104
)
(/usr/local/texlive/2015/texmf-dist/tex/latex/graphics/color.sty
Package: color 2014/10/28 v1.1a Standard LaTeX Color (DPC)

(/usr/local/texlive/2015/texmf-dist/tex/latex/latexconfig/color.cfg
File: color.cfg 2007/01/18 v1.5 color configuration of teTeX/TeXLive
)
Package color Info: Driver file: pdftex.def on input line 142.
)
(/usr/local/texlive/2015/texmf-dist/tex/latex/amsfonts/amssymb.sty
Package: amssymb 2013/01/14 v3.01 AMS font symbols

(/usr/local/texlive/2015/texmf-dist/tex/latex/amsfonts/amsfonts.sty
Package: amsfonts 2013/01/14 v3.01 Basic AMSFonts support
\@emptytoks=\toks15
\symAMSa=\mathgroup4
\symAMSb=\mathgroup5
LaTeX Font Info:    Overwriting math alphabet `\mathfrak' in version `bold'
(Font)                  U/euf/m/n --> U/euf/b/n on input line 106.
))
(/usr/local/texlive/2015/texmf-dist/tex/latex/psnfss/times.sty
Package: times 2005/04/12 PSNFSS-v9.2a (SPQR) 
)
(/usr/local/texlive/2015/texmf-dist/tex/latex/textpos/textpos.sty
Package: textpos 2014/01/03 v1.7j

Package: textpos 2014/01/03 1.7j, absolute positioning of text on the page
\TP@textbox=\box26
\TPHorizModule=\dimen105
\TPVertModule=\dimen106
\TP@margin=\dimen107
\TP@absmargin=\dimen108
Grid set 16 x 16 = 38.39343pt x 49.68562pt
\TPboxrulesize=\dimen109
\TP@tbargs=\toks16
\TP@prevdepth=\dimen110
) (/usr/local/texlive/2015/texmf-dist/tex/latex/geometry/geometry.sty
Package: geometry 2010/09/12 v5.6 Page Geometry

(/usr/local/texlive/2015/texmf-dist/tex/generic/oberdiek/ifpdf.sty
Package: ifpdf 2011/01/30 v2.3 Provides the ifpdf switch (HO)
Package ifpdf Info: pdfTeX in PDF mode is detected.
)
(/usr/local/texlive/2015/texmf-dist/tex/generic/oberdiek/ifvtex.sty
Package: ifvtex 2010/03/01 v1.5 Detect VTeX and its facilities (HO)
Package ifvtex Info: VTeX not detected.
)
(/usr/local/texlive/2015/texmf-dist/tex/generic/ifxetex/ifxetex.sty
Package: ifxetex 2010/09/12 v0.6 Provides ifxetex conditional
)
\Gm@cnth=\count88
\Gm@cntv=\count89
\c@Gm@tempcnt=\count90
\Gm@bindingoffset=\dimen111
\Gm@wd@mp=\dimen112
\Gm@odd@mp=\dimen113
\Gm@even@mp=\dimen114
\Gm@layoutwidth=\dimen115
\Gm@layoutheight=\dimen116
\Gm@layouthoffset=\dimen117
\Gm@layoutvoffset=\dimen118
\Gm@dimlist=\toks17
)
(/usr/local/texlive/2015/texmf-dist/tex/latex/oberdiek/epstopdf.sty
Package: epstopdf 2010/02/09 v2.5 Conversion with epstopdf on the fly (HO)

(/usr/local/texlive/2015/texmf-dist/tex/latex/oberdiek/epstopdf-base.sty
Package: epstopdf-base 2010/02/09 v2.5 Base part for package epstopdf

(/usr/local/texlive/2015/texmf-dist/tex/latex/oberdiek/grfext.sty
Package: grfext 2010/08/19 v1.1 Manage graphics extensions (HO)

(/usr/local/texlive/2015/texmf-dist/tex/generic/oberdiek/kvdefinekeys.sty
Package: kvdefinekeys 2011/04/07 v1.3 Define keys (HO)
))
(/usr/local/texlive/2015/texmf-dist/tex/latex/oberdiek/kvoptions.sty
Package: kvoptions 2011/06/30 v3.11 Key value format for package options (HO)

(/usr/local/texlive/2015/texmf-dist/tex/generic/oberdiek/kvsetkeys.sty
Package: kvsetkeys 2012/04/25 v1.16 Key value parser (HO)

(/usr/local/texlive/2015/texmf-dist/tex/generic/oberdiek/etexcmds.sty
Package: etexcmds 2011/02/16 v1.5 Avoid name clashes with e-TeX commands (HO)

(/usr/local/texlive/2015/texmf-dist/tex/generic/oberdiek/ifluatex.sty
Package: ifluatex 2010/03/01 v1.3 Provides the ifluatex switch (HO)
Package ifluatex Info: LuaTeX not detected.
)
Package etexcmds Info: Could not find \expanded.
(etexcmds)             That can mean that you are not using pdfTeX 1.50 or
(etexcmds)             that some package has redefined \expanded.
(etexcmds)             In the latter case, load this package earlier.
)))
(/usr/local/texlive/2015/texmf-dist/tex/generic/oberdiek/pdftexcmds.sty
Package: pdftexcmds 2011/11/29 v0.20 Utility functions of pdfTeX for LuaTeX (HO
)
Package pdftexcmds Info: LuaTeX not detected.
Package pdftexcmds Info: \pdf@primitive is available.
Package pdftexcmds Info: \pdf@ifprimitive is available.
Package pdftexcmds Info: \pdfdraftmode found.
)
Package grfext Info: Graphics extension search list:
(grfext)             [.png,.pdf,.jpg,.mps,.jpeg,.jbig2,.jb2,.PNG,.PDF,.JPG,.JPE
G,.JBIG2,.JB2,.eps]
(grfext)             \AppendGraphicsExtensions on input line 452.

(/usr/local/texlive/2015/texmf-dist/tex/latex/latexconfig/epstopdf-sys.cfg
File: epstopdf-sys.cfg 2010/07/13 v1.3 Configuration of (r)epstopdf for TeX Liv
e
)))
(/usr/local/texlive/2015/texmf-dist/tex/latex/hyperref/hyperref.sty
Package: hyperref 2012/11/06 v6.83m Hypertext links for LaTeX

(/usr/local/texlive/2015/texmf-dist/tex/generic/oberdiek/hobsub-hyperref.sty
Package: hobsub-hyperref 2012/05/28 v1.13 Bundle oberdiek, subset hyperref (HO)


(/usr/local/texlive/2015/texmf-dist/tex/generic/oberdiek/hobsub-generic.sty
Package: hobsub-generic 2012/05/28 v1.13 Bundle oberdiek, subset generic (HO)
Package: hobsub 2012/05/28 v1.13 Construct package bundles (HO)
Package hobsub Info: Skipping package `infwarerr' (already loaded).
Package hobsub Info: Skipping package `ltxcmds' (already loaded).
Package hobsub Info: Skipping package `ifluatex' (already loaded).
Package hobsub Info: Skipping package `ifvtex' (already loaded).
Package: intcalc 2007/09/27 v1.1 Expandable calculations with integers (HO)
Package hobsub Info: Skipping package `ifpdf' (already loaded).
Package hobsub Info: Skipping package `etexcmds' (already loaded).
Package hobsub Info: Skipping package `kvsetkeys' (already loaded).
Package hobsub Info: Skipping package `kvdefinekeys' (already loaded).
Package hobsub Info: Skipping package `pdftexcmds' (already loaded).
Package: pdfescape 2011/11/25 v1.13 Implements pdfTeX's escape features (HO)
Package: bigintcalc 2012/04/08 v1.3 Expandable calculations on big integers (HO
)
Package: bitset 2011/01/30 v1.1 Handle bit-vector datatype (HO)
Package: uniquecounter 2011/01/30 v1.2 Provide unlimited unique counter (HO)
)
Package hobsub Info: Skipping package `hobsub' (already loaded).
Package: letltxmacro 2010/09/02 v1.4 Let assignment for LaTeX macros (HO)
Package: hopatch 2012/05/28 v1.2 Wrapper for package hooks (HO)
Package: xcolor-patch 2011/01/30 xcolor patch
Package: atveryend 2011/06/30 v1.8 Hooks at the very end of document (HO)
Package atveryend Info: \enddocument detected (standard20110627).
Package: atbegshi 2011/10/05 v1.16 At begin shipout hook (HO)
Package: refcount 2011/10/16 v3.4 Data extraction from label references (HO)
Package: hycolor 2011/01/30 v1.7 Color options for hyperref/bookmark (HO)
)
(/usr/local/texlive/2015/texmf-dist/tex/latex/oberdiek/auxhook.sty
Package: auxhook 2011/03/04 v1.3 Hooks for auxiliary files (HO)
)
\@linkdim=\dimen119
\Hy@linkcounter=\count91
\Hy@pagecounter=\count92

(/usr/local/texlive/2015/texmf-dist/tex/latex/hyperref/pd1enc.def
File: pd1enc.def 2012/11/06 v6.83m Hyperref: PDFDocEncoding definition (HO)
)
\Hy@SavedSpaceFactor=\count93

(/usr/local/texlive/2015/texmf-dist/tex/latex/latexconfig/hyperref.cfg
File: hyperref.cfg 2002/06/06 v1.2 hyperref configuration of TeXLive
)
Package hyperref Info: Hyper figures OFF on input line 4443.
Package hyperref Info: Link nesting OFF on input line 4448.
Package hyperref Info: Hyper index ON on input line 4451.
Package hyperref Info: Plain pages OFF on input line 4458.
Package hyperref Info: Backreferencing OFF on input line 4463.
Package hyperref Info: Implicit mode ON; LaTeX internals redefined.
Package hyperref Info: Bookmarks ON on input line 4688.
\c@Hy@tempcnt=\count94

(/usr/local/texlive/2015/texmf-dist/tex/latex/url/url.sty
\Urlmuskip=\muskip10
Package: url 2013/09/16  ver 3.4  Verb mode for urls, etc.
)
LaTeX Info: Redefining \url on input line 5041.
\XeTeXLinkMargin=\dimen120
\Fld@menulength=\count95
\Field@Width=\dimen121
\Fld@charsize=\dimen122
Package hyperref Info: Hyper figures OFF on input line 6295.
Package hyperref Info: Link nesting OFF on input line 6300.
Package hyperref Info: Hyper index ON on input line 6303.
Package hyperref Info: backreferencing OFF on input line 6310.
Package hyperref Info: Link coloring OFF on input line 6315.
Package hyperref Info: Link coloring with OCG OFF on input line 6320.
Package hyperref Info: PDF/A mode OFF on input line 6325.
LaTeX Info: Redefining \ref on input line 6365.
LaTeX Info: Redefining \pageref on input line 6369.
\Hy@abspage=\count96
\c@Item=\count97
\c@Hfootnote=\count98
)

Package hyperref Message: Driver (autodetected): hpdftex.

(/usr/local/texlive/2015/texmf-dist/tex/latex/hyperref/hpdftex.def
File: hpdftex.def 2012/11/06 v6.83m Hyperref driver for pdfTeX
\Fld@listcount=\count99
\c@bookmark@seq@number=\count100

(/usr/local/texlive/2015/texmf-dist/tex/latex/oberdiek/rerunfilecheck.sty
Package: rerunfilecheck 2011/04/15 v1.7 Rerun checks for auxiliary files (HO)
Package uniquecounter Info: New unique counter `rerunfilecheck' on input line 2
82.
)
\Hy@SectionHShift=\skip43
)
(/usr/local/texlive/2015/texmf-dist/tex/latex/float/float.sty
Package: float 2001/11/08 v1.3d Float enhancements (AL)
\c@float@type=\count101
\float@exts=\toks18
\float@box=\box27
\@float@everytoks=\toks19
\@floatcapt=\box28
)
(/usr/local/texlive/2015/texmf-dist/tex/latex/appendix/appendix.sty
Package: appendix 2009/09/02 v1.2b extra appendix facilities
\c@@pps=\count102
\c@@ppsavesec=\count103
\c@@ppsaveapp=\count104
)
(./Rayleigh_link.aux)
\openout1 = `Rayleigh_link.aux'.

LaTeX Font Info:    Checking defaults for OML/cmm/m/it on input line 17.
LaTeX Font Info:    ... okay on input line 17.
LaTeX Font Info:    Checking defaults for T1/cmr/m/n on input line 17.
LaTeX Font Info:    ... okay on input line 17.
LaTeX Font Info:    Checking defaults for OT1/cmr/m/n on input line 17.
LaTeX Font Info:    ... okay on input line 17.
LaTeX Font Info:    Checking defaults for OMS/cmsy/m/n on input line 17.
LaTeX Font Info:    ... okay on input line 17.
LaTeX Font Info:    Checking defaults for OMX/cmex/m/n on input line 17.
LaTeX Font Info:    ... okay on input line 17.
LaTeX Font Info:    Checking defaults for U/cmr/m/n on input line 17.
LaTeX Font Info:    ... okay on input line 17.
LaTeX Font Info:    Checking defaults for PD1/pdf/m/n on input line 17.
LaTeX Font Info:    ... okay on input line 17.
LaTeX Font Info:    Try loading font information for OT1+ptm on input line 17.

(/usr/local/texlive/2015/texmf-dist/tex/latex/psnfss/ot1ptm.fd
File: ot1ptm.fd 2001/06/04 font definitions for OT1/ptm.
)
(/usr/local/texlive/2015/texmf-dist/tex/context/base/supp-pdf.mkii
[Loading MPS to PDF converter (version 2006.09.02).]
\scratchcounter=\count105
\scratchdimen=\dimen123
\scratchbox=\box29
\nofMPsegments=\count106
\nofMParguments=\count107
\everyMPshowfont=\toks20
\MPscratchCnt=\count108
\MPscratchDim=\dimen124
\MPnumerator=\count109
\makeMPintoPDFobject=\count110
\everyMPtoPDFconversion=\toks21
)
*geometry* driver: auto-detecting
*geometry* detected driver: pdftex
*geometry* verbose mode - [ preamble ] result:
* driver: pdftex
* paper: <default>
* layout: <same size as paper>
* layoutoffset:(h,v)=(0.0pt,0.0pt)
* modes: 
* h-part:(L,W,R)=(92.14519pt, 430.00462pt, 92.14519pt)
* v-part:(T,H,B)=(95.39737pt, 556.47656pt, 143.09605pt)
* \paperwidth=614.295pt
* \paperheight=794.96999pt
* \textwidth=430.00462pt
* \textheight=556.47656pt
* \oddsidemargin=19.8752pt
* \evensidemargin=19.8752pt
* \topmargin=-13.87262pt
* \headheight=12.0pt
* \headsep=25.0pt
* \topskip=12.0pt
* \footskip=30.0pt
* \marginparwidth=44.0pt
* \marginparsep=10.0pt
* \columnsep=10.0pt
* \skip\footins=10.8pt plus 4.0pt minus 2.0pt
* \hoffset=0.0pt
* \voffset=0.0pt
* \mag=1000
* \@twocolumnfalse
* \@twosidefalse
* \@mparswitchfalse
* \@reversemarginfalse
* (1in=72.27pt=25.4mm, 1cm=28.453pt)

\AtBeginShipoutBox=\box30
Package hyperref Info: Link coloring OFF on input line 17.
(/usr/local/texlive/2015/texmf-dist/tex/latex/hyperref/nameref.sty
Package: nameref 2012/10/27 v2.43 Cross-referencing by name of section

(/usr/local/texlive/2015/texmf-dist/tex/generic/oberdiek/gettitlestring.sty
Package: gettitlestring 2010/12/03 v1.4 Cleanup title references (HO)
)
\c@section@level=\count111
)
LaTeX Info: Redefining \ref on input line 17.
LaTeX Info: Redefining \pageref on input line 17.
LaTeX Info: Redefining \nameref on input line 17.

(./Rayleigh_link.out) (./Rayleigh_link.out)
\@outlinefile=\write3
\openout3 = `Rayleigh_link.out'.

 (./tex_src/mathdef.tex)
LaTeX Font Info:    Font shape `OT1/ptm/bx/n' in size <17.28> not available
(Font)              Font shape `OT1/ptm/b/n' tried instead on input line 25.
 [1

{/usr/local/texlive/2015/texmf-var/fonts/map/pdftex/updmap/pdftex.map}]
(./tex_src/intro_CALYPSO.tex [2]
LaTeX Font Info:    Try loading font information for OMS+ptm on input line 20.

(/usr/local/texlive/2015/texmf-dist/tex/latex/psnfss/omsptm.fd
File: omsptm.fd 
)
LaTeX Font Info:    Font shape `OMS/ptm/m/n' in size <12> not available
(Font)              Font shape `OMS/cmsy/m/n' tried instead on input line 20.
LaTeX Font Info:    Font shape `OT1/ptm/bx/n' in size <14.4> not available
(Font)              Font shape `OT1/ptm/b/n' tried instead on input line 31.
LaTeX Font Info:    Try loading font information for OT1+pcr on input line 35.

(/usr/local/texlive/2015/texmf-dist/tex/latex/psnfss/ot1pcr.fd
File: ot1pcr.fd 2001/06/04 font definitions for OT1/pcr.
)
LaTeX Font Info:    Font shape `OT1/ptm/bx/n' in size <12> not available
(Font)              Font shape `OT1/ptm/b/n' tried instead on input line 35.


LaTeX Warning: Reference `sec:requirements' on page 3 undefined on input line 3
5.


Overfull \hbox (5.46046pt too wide) in paragraph at lines 36--37
[]\OT1/ptm/m/n/12 Label for ra-dial grid type in the file []\OT1/pcr/m/n/12 ctl
_sph_shell []raidal_grid_type_ctl
 []


Overfull \hbox (2.11186pt too wide) in paragraph at lines 42--43
\OT1/ptm/m/n/12 The old ver-sion of spec-trum in-dex-ing data, which is gen-er-
ated by []\OT1/pcr/m/n/12 gen_sph_grids
 []


LaTeX Warning: Reference `sec:add_initial_field' on page 3 undefined on input l
ine 44.

[3]

LaTeX Warning: Reference `sec:sph_initial_field' on page 4 undefined on input l
ine 45.


LaTeX Warning: Reference `sec:add_initial_field' on page 4 undefined on input l
ine 45.


LaTeX Warning: Reference `sec:boundary_file' on page 4 undefined on input line 
46.


LaTeX Warning: Reference `section:PSF' on page 4 undefined on input line 55.


LaTeX Warning: Reference `section:ISO' on page 4 undefined on input line 55.


LaTeX Warning: Reference `sec:add_initial_field' on page 4 undefined on input l
ine 56.


LaTeX Warning: Reference `sec:add_initial_field' on page 4 undefined on input l
ine 57.


Overfull \hbox (35.31448pt too wide) in paragraph at lines 57--58
[]\OT1/ptm/m/n/12 The time and time step in-for-ma-tion in the restart data can
 be mod-i-field by []\OT1/pcr/m/n/12 assemble_mhd\OT1/ptm/m/n/12 .
 []

[4]
Missing character: There is no ï in font ptmr7t!
Missing character: There is no ¾ in font ptmr7t!
Missing character: There is no • in font ptmr7t!
) (./tex_src/install_Rayleigh_link.tex [5]
LaTeX Font Info:    Try loading font information for U+msa on input line 11.

(/usr/local/texlive/2015/texmf-dist/tex/latex/amsfonts/umsa.fd
File: umsa.fd 2013/01/14 v3.01 AMS symbols A
)
LaTeX Font Info:    Try loading font information for U+msb on input line 11.

(/usr/local/texlive/2015/texmf-dist/tex/latex/amsfonts/umsb.fd
File: umsb.fd 2013/01/14 v3.01 AMS symbols B
)
Overfull \hbox (4.02011pt too wide) in paragraph at lines 11--12
[]\OT1/ptm/m/n/12 FFTPACK Ver 5.1D ([]$\OT1/pcr/m/n/12 http : / / people . sc .
 fsu . edu / []jburkardt / f _ src /
 []

[6]

LaTeX Warning: Reference `section:no_configure' on page 7 undefined on input li
ne 44.

[7]
Overfull \hbox (0.94933pt too wide) in paragraph at lines 69--71
\OT1/ptm/m/n/12 Doxygen ([]$\OT1/pcr/m/n/12 http : / / www . doxygen . org$[]\O
T1/ptm/m/n/12 ) is an pow-er-ful doc-u-ment gen-er-a-tion tool from
 []


Overfull \hbox (37.86188pt too wide) in paragraph at lines 76--77
\OT1/ptm/m/n/12 The html doc-u-ments can see by open-ing []\OT1/pcr/m/n/12 [CAL
YPSO_HOME]/doxygen/html/index.html\OT1/ptm/m/n/12 .
 []


Overfull \hbox (21.86072pt too wide) in paragraph at lines 99--102
[]\OT1/ptm/m/n/12 ./configure gen-er-ates a Make-file in the cur-rent di-rec-to
ry. Avail-able op-tions for \OT1/pcr/m/n/12 configure
 []

[8]
Overfull \hbox (43.0348pt too wide) in paragraph at lines 135--135
[]  \OT1/pcr/m/n/10.95 --disable-option-checking  ignore unrecognized --enable/
--with options[] 
 []


Overfull \hbox (82.45476pt too wide) in paragraph at lines 135--135
[]  \OT1/pcr/m/n/10.95 --disable-FEATURE       do not include FEATURE (same as 
--enable-FEATURE=no)[] 
 []


Overfull \hbox (43.0348pt too wide) in paragraph at lines 135--135
[]  \OT1/pcr/m/n/10.95 --without-PACKAGE       do not use PACKAGE (same as --wi
th-PACKAGE=no)[] 
 []


Overfull \hbox (69.31477pt too wide) in paragraph at lines 135--135
[]  \OT1/pcr/m/n/10.95 --with-hdf5=yes/no/PATH full path of h5pcc for parallel 
HDF5 configuration[] 
 []


Overfull \hbox (29.89482pt too wide) in paragraph at lines 135--135
[]  \OT1/pcr/m/n/10.95 --with-zlib=DIR root directory path of zlib installation
 defaults to[] 
 []


Overfull \hbox (36.46481pt too wide) in paragraph at lines 135--135
[]  \OT1/pcr/m/n/10.95 LDFLAGS     linker flags, e.g. -L<lib dir> if you have l
ibraries in a[] 
 []


Overfull \hbox (62.74478pt too wide) in paragraph at lines 135--135
[]  \OT1/pcr/m/n/10.95 CPPFLAGS    (Objective) C/C++ preprocessor flags, e.g. -
I<include dir> if[] 
 []


Overfull \hbox (36.46481pt too wide) in paragraph at lines 135--135
[]              \OT1/pcr/m/n/10.95 you have headers in a nonstandard directory 
<include dir>[] 
 []

[9] [10]
Overfull \hbox (1.8973pt too wide) in paragraph at lines 190--191
\OT1/ptm/m/n/12 for []\OT1/pcr/m/n/12 configure \OT1/ptm/m/n/12 com-mand. Al-te
r-na-tively, you can use the pro-grams in []\OT1/pcr/m/n/12 ${SRCDIR}/bin
 []

[11] [12]
Overfull \hbox (25.00935pt too wide) in paragraph at lines 237--241
\OT1/ptm/m/n/12 CMake can be checked by []\OT1/pcr/m/n/12 cmake -i [CALYPSO_HOM
E] \OT1/ptm/m/n/12 com-mand at []\OT1/pcr/m/n/12 [CALYPSO_HOME] 
 []


Overfull \hbox (4.73631pt too wide) in paragraph at lines 244--245
[][]\OT1/pcr/m/n/12 CMAKE_DISABLE_FIND_PACKAGE_OpenMP_Fortran \OT1/ptm/m/n/12 O
penMP is not used if 'yes'
 []

[13]
Overfull \hbox (1.9952pt too wide) in paragraph at lines 277--277
[]\OT1/pcr/m/n/12 mpif90 -I/home/matsui/local/include -L/home/matsui/local/lib[
] 
 []


Overfull \hbox (30.79518pt too wide) in paragraph at lines 277--277
[]\OT1/pcr/m/n/12 ? -DHDF5_LIBRARIES='/home/matsui/local/lib/libhdf5hl_fortran.
a \[] 
 []

)
Overfull \hbox (17.71027pt too wide) in paragraph at lines 287--44
[]\OT1/ptm/m/n/12 After run-ning []\OT1/pcr/m/n/12 make \OT1/ptm/m/n/12 com-man
d, ex-e-cute files are built in []\OT1/pcr/m/n/12 [CALYPSO_HOME]/work/bin
 []

[14] (./tex_src/gpl3.tex
LaTeX Font Info:    Font shape `OT1/ptm/bx/n' in size <10.95> not available
(Font)              Font shape `OT1/ptm/b/n' tried instead on input line 15.
 [15] [16] [17] [18] [19] [20] [21]
Overfull \hbox (2.00137pt too wide) in paragraph at lines 404--413
[]\OT1/ptm/m/n/12 All other non-permissive ad-di-tional terms are con-sid-ered 
``fur-ther re-stric-tions'' within
 []

[22] [23] [24] [25] [26]
Overfull \hbox (14.16588pt too wide) in paragraph at lines 621--631
\OT1/ptm/m/n/12 WHO MOD-I-FIES AND/OR CON-VEYS THE PRO-GRAM AS PER-MIT-TED ABOV
E,
 []

[27]
Overfull \hbox (25.37007pt too wide) in paragraph at lines 675--675
 []\OT1/pcr/m/n/10 <one line to give the program's name and a brief idea of wha
t it does.>[] 
 []


Overfull \hbox (7.37007pt too wide) in paragraph at lines 675--675
 []\OT1/pcr/m/n/10 This program is free software: you can redistribute it and/o
r modify[] 
 []


Overfull \hbox (7.37007pt too wide) in paragraph at lines 675--675
 []\OT1/pcr/m/n/10 it under the terms of the GNU General Public License as publ
ished by[] 
 []


Overfull \hbox (19.37007pt too wide) in paragraph at lines 675--675
 []\OT1/pcr/m/n/10 along with this program.  If not, see <https://www.gnu.org/l
icenses/>.[] 
 []


Overfull \hbox (43.37007pt too wide) in paragraph at lines 690--690
 []\OT1/pcr/m/n/10 This program comes with ABSOLUTELY NO WARRANTY; for details 
type `show w'.[] 
 []


Overfull \hbox (74.71165pt too wide) in paragraph at lines 698--702
\OT1/ptm/m/n/12 on this, and how to ap-ply and fol-low the GNU GPL, see \OT1/pc
r/m/n/12 https://www.gnu.org/licenses/\OT1/ptm/m/n/12 . 
 []


Overfull \hbox (32.4848pt too wide) in paragraph at lines 703--709
\OT1/ptm/m/n/12 But first, please read \OT1/pcr/m/n/12 https://www.gnu.org/lice
nses/why-not-lgpl.html\OT1/ptm/m/n/12 . 
 []

)
Package atveryend Info: Empty hook `BeforeClearDocument' on input line 60.
 [28]
Package atveryend Info: Empty hook `AfterLastShipout' on input line 60.
 (./Rayleigh_link.aux)
Package atveryend Info: Executing hook `AtVeryEndDocument' on input line 60.
Package atveryend Info: Executing hook `AtEndAfterFileList' on input line 60.


Package rerunfilecheck Warning: File `Rayleigh_link.out' has changed.
(rerunfilecheck)                Rerun to get outlines right
(rerunfilecheck)                or use package `bookmark'.

Package rerunfilecheck Info: Checksums for `Rayleigh_link.out':
(rerunfilecheck)             Before: 3783337867DE1E33BB422961793AAAD4;438
(rerunfilecheck)             After:  0B933B90659CC434EBC974C0A9E60027;1335.

LaTeX Warning: There were undefined references.


LaTeX Warning: Label(s) may have changed. Rerun to get cross-references right.

Package atveryend Info: Empty hook `AtVeryVeryEnd' on input line 60.
 ) 
Here is how much of TeX's memory you used:
 6326 strings out of 493089
 93457 string characters out of 6134842
 182087 words of memory out of 5000000
 9606 multiletter control sequences out of 15000+600000
 26026 words of font info for 60 fonts, out of 8000000 for 9000
 1141 hyphenation exceptions out of 8191
 42i,6n,31p,796b,547s stack positions out of 5000i,500n,10000p,200000b,80000s
{/usr/local/texlive/2015/texmf-dist/fonts/enc/dvips/base/8r.enc}</usr/local/t
exlive/2015/texmf-dist/fonts/type1/public/amsfonts/cm/cmsy10.pfb></usr/local/te
xlive/2015/texmf-dist/fonts/type1/urw/courier/ucrr8a.pfb></usr/local/texlive/20
15/texmf-dist/fonts/type1/urw/times/utmb8a.pfb></usr/local/texlive/2015/texmf-d
ist/fonts/type1/urw/times/utmr8a.pfb></usr/local/texlive/2015/texmf-dist/fonts/
type1/urw/times/utmri8a.pfb>
Output written on Rayleigh_link.pdf (28 pages, 124710 bytes).
PDF statistics:
 265 PDF objects out of 1000 (max. 8388607)
 227 compressed objects within 3 object streams
 91 named destinations out of 1000 (max. 500000)
 65 words of extra memory for PDF output out of 10000 (max. 10000000)

