\BOOKMARK [1][-]{section.1}{Introduction}{}% 1
\BOOKMARK [1][-]{section.2}{History}{}% 2
\BOOKMARK [2][-]{subsection.2.1}{Updates for Ver 1.1}{section.2}% 3
\BOOKMARK [2][-]{subsection.2.2}{Updates for Ver 1.2}{section.2}% 4
\BOOKMARK [1][-]{section.3}{Acknowledgements}{}% 5
\BOOKMARK [1][-]{section.4}{Citation}{}% 6
\BOOKMARK [1][-]{section.5}{Installation}{}% 7
\BOOKMARK [2][-]{subsection.5.1}{Library Requirements}{section.5}% 8
\BOOKMARK [2][-]{subsection.5.2}{Known problems}{section.5}% 9
\BOOKMARK [2][-]{subsection.5.3}{Directories}{section.5}% 10
\BOOKMARK [2][-]{subsection.5.4}{Doxygen}{section.5}% 11
\BOOKMARK [2][-]{subsection.5.5}{Install using configure command }{section.5}% 12
\BOOKMARK [3][-]{subsubsection.5.5.1}{Configuration using configure command }{subsection.5.5}% 13
\BOOKMARK [3][-]{subsubsection.5.5.2}{Compile}{subsection.5.5}% 14
\BOOKMARK [3][-]{subsubsection.5.5.3}{Clean}{subsection.5.5}% 15
\BOOKMARK [3][-]{subsubsection.5.5.4}{Distclean}{subsection.5.5}% 16
\BOOKMARK [3][-]{subsubsection.5.5.5}{Install}{subsection.5.5}% 17
\BOOKMARK [2][-]{subsection.5.6}{Install without using configure}{section.5}% 18
\BOOKMARK [2][-]{subsection.5.7}{Install using cmake}{section.5}% 19
\BOOKMARK [1][-]{section*.6}{Appendices}{}% 20
\BOOKMARK [1][-]{Appendix.1.A}{Appendix GNU GENERAL PUBLIC LICENSE}{}% 21
